d:\иип\topgame\topgame\x64\debug\vc140.pdb
d:\иип\topgame\topgame\x64\debug\vc140.idb
d:\иип\topgame\topgame\x64\debug\entity.obj
d:\иип\topgame\topgame\x64\debug\game.obj
d:\иип\topgame\topgame\x64\debug\main.obj
d:\иип\topgame\topgame\x64\debug\player.obj
d:\иип\topgame\topgame\x64\debug\tinystr.obj
d:\иип\topgame\topgame\x64\debug\tinyxml.obj
d:\иип\topgame\topgame\x64\debug\tinyxmlerror.obj
d:\иип\topgame\topgame\x64\debug\tinyxmlparser.obj
d:\иип\topgame\x64\debug\topgame.pdb
d:\иип\topgame\topgame\x64\debug\topgame.tlog\cl.command.1.tlog
d:\иип\topgame\topgame\x64\debug\topgame.tlog\cl.read.1.tlog
d:\иип\topgame\topgame\x64\debug\topgame.tlog\cl.write.1.tlog
d:\иип\topgame\topgame\x64\debug\topgame.tlog\link-cvtres.read.1.tlog
d:\иип\topgame\topgame\x64\debug\topgame.tlog\link-cvtres.write.1.tlog
d:\иип\topgame\topgame\x64\debug\topgame.tlog\link-rc.read.1.tlog
d:\иип\topgame\topgame\x64\debug\topgame.tlog\link-rc.write.1.tlog
d:\иип\topgame\topgame\x64\debug\topgame.tlog\link.command.1.tlog
d:\иип\topgame\topgame\x64\debug\topgame.tlog\link.read.1.tlog
d:\иип\topgame\topgame\x64\debug\topgame.tlog\link.write.1.tlog
