  entity.cpp
  Generating Code...
  Compiling...
  main.cpp
d:\иип\topgame\topgame\level.h(58): warning C4244: 'return': conversion from 'double' to 'float', possible loss of data
d:\иип\topgame\topgame\level.h(138): warning C4244: 'initializing': conversion from 'double' to 'float', possible loss of data
d:\иип\topgame\topgame\level.h(139): warning C4244: '=': conversion from 'float' to 'int', possible loss of data
d:\иип\topgame\topgame\level.h(176): warning C4244: 'argument': conversion from 'int' to 'float', possible loss of data
d:\иип\topgame\topgame\level.h(229): warning C4244: 'argument': conversion from 'int' to 'float', possible loss of data
d:\иип\topgame\topgame\level.h(249): warning C4244: '=': conversion from 'int' to 'float', possible loss of data
d:\иип\topgame\topgame\level.h(250): warning C4244: '=': conversion from 'int' to 'float', possible loss of data
d:\иип\topgame\topgame\level.h(251): warning C4244: '=': conversion from 'int' to 'float', possible loss of data
d:\иип\topgame\topgame\level.h(252): warning C4244: '=': conversion from 'int' to 'float', possible loss of data
d:\иип\topgame\topgame\entity.h(29): warning C4244: 'argument': conversion from 'int' to 'float', possible loss of data
d:\иип\topgame\topgame\entity.h(33): warning C4244: 'argument': conversion from 'int' to 'float', possible loss of data
d:\иип\topgame\topgame\player.h(30): warning C4551: function call missing argument list
d:\иип\topgame\topgame\player.h(33): warning C4305: '=': truncation from 'double' to 'float'
d:\иип\topgame\topgame\player.h(35): warning C4244: '+=': conversion from 'double' to 'float', possible loss of data
d:\иип\topgame\topgame\player.h(45): warning C4305: '=': truncation from 'double' to 'float'
d:\иип\topgame\topgame\player.h(47): warning C4244: '+=': conversion from 'double' to 'float', possible loss of data
d:\иип\topgame\topgame\player.h(57): warning C4305: '=': truncation from 'double' to 'float'
d:\иип\topgame\topgame\player.h(125): warning C4244: '=': conversion from 'double' to 'float', possible loss of data
d:\иип\topgame\topgame\bullet.h(15): warning C4305: '=': truncation from 'double' to 'float'
d:\иип\topgame\topgame\enemy.h(17): warning C4244: 'argument': conversion from 'int' to 'float', possible loss of data
d:\иип\topgame\topgame\enemy.h(42): warning C4305: '=': truncation from 'double' to 'float'
d:\иип\topgame\topgame\enemy.h(43): warning C4305: '=': truncation from 'double' to 'float'
d:\иип\topgame\topgame\enemy.h(53): warning C4244: '=': conversion from 'double' to 'float', possible loss of data
d:\иип\topgame\topgame\lifebar.h(30): warning C4244: 'argument': conversion from 'int' to 'float', possible loss of data
d:\иип\topgame\topgame\main.cpp(80): warning C4244: 'initializing': conversion from 'sf::Int64' to 'float', possible loss of data
  Generating Code...
d:\иип\topgame\topgame\level.h(296): warning C4715: 'Level::GetObject': not all control paths return a value
  Skipping... (no relevant changes detected)
  game.cpp
  TopGame.vcxproj -> D:\ИиП\TopGame\x64\Debug\TopGame.exe
